<?xml version='1.0' encoding='UTF-8'?>
<testsuite hostname="DESKTOP-2UK68HT" name="com.tp.spark.core.Ex4InvertedIndexSpec" tests="1" errors="0" failures="0" skipped="0" time="5.164" timestamp="2022-03-03T12:51:59">
          <properties>
[...]
</properties>
          <testcase classname="com.tp.spark.core.Ex4InvertedIndexSpec" name="should return an inverted index" time="5.164">
                      
                    </testcase>
          <system-out><![CDATA[]]></system-out>
          <system-err><![CDATA[]]></system-err>
        </testsuite>