[0m[[0m[0mdebug[0m] [0m[0m> Exec(testOnly *Ex4InvertedIndexSpec, Some(e8ef55c8-4073-4139-9b4c-e0b6bb996a50), Some(CommandSource(console0)))[0m
[0m[[0m[0mdebug[0m] [0m[0mEvaluating tasks: Test / testOnly[0m
[0m[[0m[0mdebug[0m] [0m[0mRunning task... Cancel: Signal, check cycles: false, forcegc: true[0m
[0m[[0m[0minfo[0m] [0m[0mcompiling 1 Scala source to D:\OneDrive - Efrei\Bureau\ECOLE\DataEngineering\spark-lab-json\target\scala-2.12\classes ...[0m
[0m[[0m[0minfo[0m] [0m[0m[32mEx4InvertedIndexSpec:[0m[0m
[0m[[0m[0minfo[0m] [0m[0m[31m- should return an inverted index *** FAILED ***[0m[0m
[0m[[0m[0minfo[0m] [0m[0m[31m  2462 was not equal to 2461 (Ex4InvertedIndexSpec.scala:12)[0m[0m
[0m[[0m[0minfo[0m] [0m[0m[36mRun completed in 4 seconds, 930 milliseconds.[0m[0m
[0m[[0m[0minfo[0m] [0m[0m[36mTotal number of tests run: 1[0m[0m
[0m[[0m[0minfo[0m] [0m[0m[36mSuites: completed 1, aborted 0[0m[0m
[0m[[0m[0minfo[0m] [0m[0m[36mTests: succeeded 0, failed 1, canceled 0, ignored 0, pending 0[0m[0m
[0m[[0m[0minfo[0m] [0m[0m[31m*** 1 TEST FAILED ***[0m[0m
[0m[[0m[31merror[0m] [0m[0mFailed tests:[0m
[0m[[0m[31merror[0m] [0m[0m	com.tp.spark.core.Ex4InvertedIndexSpec[0m
[0m[[0m[31merror[0m] [0m[0m(Test / [31mtestOnly[0m) sbt.TestsFailedException: Tests unsuccessful[0m
[0m[[0m[31merror[0m] [0m[0mTotal time: 6 s, completed 3 mars 2022 Ã  12:51:20[0m
[0m[[0m[0mdebug[0m] [0m[0m> Exec(shell, None, None)[0m
